Using pre-set license

 COMMAND LINE ARGUMENTS:
/Applications/Unity/Hub/Editor/2020.3.0f1/Unity.app/Contents/MacOS/Unity
-adb2
-batchMode
-noUpm
-name
AssetImportWorker0
-projectPath
/Users/jishnurnair/Downloads/Koppan's Adventures
-logFile
Logs/AssetImportWorker0.log
-srvPort
50423
Successfully changed project path to: /Users/jishnurnair/Downloads/Koppan's Adventures
/Users/jishnurnair/Downloads/Koppan's Adventures
Using Asset Import Pipeline V2.
Cannot set VR devices because the platform passed isn't supported by Unity.

Cannot set VR devices because the platform passed isn't supported by Unity.

Cannot set VR devices because the platform passed isn't supported by Unity.

Cannot set VR devices because the platform passed isn't supported by Unity.

Cannot set VR devices because the platform passed isn't supported by Unity.

Cannot set VR devices because the platform passed isn't supported by Unity.

Cannot set VR devices because the platform passed isn't supported by Unity.

Cannot set VR devices because the platform passed isn't supported by Unity.

Cannot set VR devices because the platform passed isn't supported by Unity.

Cannot set VR devices because the platform passed isn't supported by Unity.

Cannot set VR devices because the platform passed isn't supported by Unity.

Refreshing native plugins compatible for Editor in 22.31 ms, found 1 plugins.
Preloading 0 native plugins for Editor in 0.00 ms.
Initialize engine version: 2020.3.0f1 (c7b5465681fb)
[Subsystems] Discovering subsystems at path /Applications/Unity/Hub/Editor/2020.3.0f1/Unity.app/Contents/Resources/UnitySubsystems
[Subsystems] Discovering subsystems at path /Users/jishnurnair/Downloads/Koppan's Adventures/Assets
GfxDevice: creating device client; threaded=0
2021-03-12 12:52:36.396 Unity[29123:117732] (null) preferred device: Apple M1 (high power)
2021-03-12 12:52:36.396 Unity[29123:117732] Metal devices available: 1
2021-03-12 12:52:36.396 Unity[29123:117732] 0: Apple M1 (high power)
2021-03-12 12:52:36.396 Unity[29123:117732] Using device Apple M1 (high power)
Initializing Metal device caps: Apple M1
Initialize mono
Mono path[0] = '/Applications/Unity/Hub/Editor/2020.3.0f1/Unity.app/Contents/Managed'
Mono path[1] = '/Applications/Unity/Hub/Editor/2020.3.0f1/Unity.app/Contents/MonoBleedingEdge/lib/mono/unityjit'
Mono config path = '/Applications/Unity/Hub/Editor/2020.3.0f1/Unity.app/Contents/MonoBleedingEdge/etc'
Using monoOptions --debugger-agent=transport=dt_socket,embedding=1,server=y,suspend=n,address=127.0.0.1:56123
Begin MonoManager ReloadAssembly
Registering precompiled unity dll's ...
Register platform support module: /Applications/Unity/Hub/Editor/2020.3.0f1/Unity.app/Contents/PlaybackEngines/MacStandaloneSupport/UnityEditor.OSXStandalone.Extensions.dll
Registered in 0.001305 seconds.
Native extension for OSXStandalone target not found
Refreshing native plugins compatible for Editor in 22.18 ms, found 1 plugins.
Preloading 0 native plugins for Editor in 0.00 ms.
Invoked RoslynAnalysisRunner static constructor.
RoslynAnalysisRunner will not be running.
RoslynAnalysisRunner has terminated.
Mono: successfully reloaded assembly
- Completed reload, in  3.052 seconds
Platform modules already initialized, skipping
Registering precompiled user dll's ...
Registered in 0.000766 seconds.
Begin MonoManager ReloadAssembly
Native extension for OSXStandalone target not found
Refreshing native plugins compatible for Editor in 0.19 ms, found 1 plugins.
Preloading 0 native plugins for Editor in 0.00 ms.
Invoked RoslynAnalysisRunner static constructor.
RoslynAnalysisRunner will not be running.
RoslynAnalysisRunner has terminated.
Mono: successfully reloaded assembly
- Completed reload, in  1.606 seconds
Platform modules already initialized, skipping
========================================================================
Worker process is ready to serve import requests
Cannot set VR devices because the platform passed isn't supported by Unity.

Cannot set VR devices because the platform passed isn't supported by Unity.

Cannot set VR devices because the platform passed isn't supported by Unity.

Cannot set VR devices because the platform passed isn't supported by Unity.

Cannot set VR devices because the platform passed isn't supported by Unity.

Cannot set VR devices because the platform passed isn't supported by Unity.

Cannot set VR devices because the platform passed isn't supported by Unity.

Cannot set VR devices because the platform passed isn't supported by Unity.

Cannot set VR devices because the platform passed isn't supported by Unity.

Cannot set VR devices because the platform passed isn't supported by Unity.

Cannot set VR devices because the platform passed isn't supported by Unity.

Launching external process: /Applications/Unity/Hub/Editor/2020.3.0f1/Unity.app/Contents/Tools/UnityShaderCompiler
Launched and connected shader compiler UnityShaderCompiler after 0.03 seconds
Refreshing native plugins compatible for Editor in 0.20 ms, found 1 plugins.
Preloading 0 native plugins for Editor in 0.00 ms.
Unloading 1175 Unused Serialized files (Serialized files now loaded: 0)
System memory in use before: 113.8 MB.
System memory in use after: 113.9 MB.

Unloading 9 unused Assets to reduce memory usage. Loaded Objects now: 1621.
Total: 1.740333 ms (FindLiveObjects: 0.101333 ms CreateObjectMapping: 0.024250 ms MarkObjects: 1.559584 ms  DeleteObjects: 0.054417 ms)

========================================================================
Received Import Request.
  path: Assets/_Completed-Assets/Scripts/Done_GameController.cs
  artifactKey: Guid(b086cdeff9ad5466ea2bbaf3aab66458) Importer(815301076,1909f56bfc062723c751e8b465ee728b)
Start importing Assets/_Completed-Assets/Scripts/Done_GameController.cs using Guid(b086cdeff9ad5466ea2bbaf3aab66458) Importer(815301076,1909f56bfc062723c751e8b465ee728b)  -> (artifact id: '3047d99ed2194a2dee98a26e28025c71') in 0.345942 seconds
  Import took 0.347958 seconds .

========================================================================
Received Prepare
Registering precompiled user dll's ...
Registered in 0.000601 seconds.
Begin MonoManager ReloadAssembly
Native extension for OSXStandalone target not found
Refreshing native plugins compatible for Editor in 0.20 ms, found 1 plugins.
Preloading 0 native plugins for Editor in 0.00 ms.
Invoked RoslynAnalysisRunner static constructor.
RoslynAnalysisRunner will not be running.
RoslynAnalysisRunner has terminated.
Mono: successfully reloaded assembly
- Completed reload, in  1.629 seconds
Platform modules already initialized, skipping
Switching build target platform(2) subTarget(0) extendedPlatform(0) -> platform(13) subTarget(589824) extendedPlatform(0)
Refreshing native plugins compatible for Editor in 0.21 ms, found 1 plugins.
Preloading 0 native plugins for Editor in 0.00 ms.
Unloading 1172 Unused Serialized files (Serialized files now loaded: 0)
System memory in use before: 117.6 MB.
System memory in use after: 117.7 MB.

Unloading 4 unused Assets to reduce memory usage. Loaded Objects now: 1624.
Total: 1.106041 ms (FindLiveObjects: 0.120625 ms CreateObjectMapping: 0.025458 ms MarkObjects: 0.940000 ms  DeleteObjects: 0.018708 ms)

AssetImportParameters requested are different than current active one (requested -> active):
  custom:graphics/normal-map-encoding: 01000000000000000000000000000000 -> 02000000000000000000000000000000
========================================================================
Received Prepare
Registering precompiled user dll's ...
Registered in 0.000524 seconds.
Begin MonoManager ReloadAssembly
Native extension for OSXStandalone target not found
Refreshing native plugins compatible for Editor in 0.20 ms, found 1 plugins.
Preloading 0 native plugins for Editor in 0.00 ms.
Invoked RoslynAnalysisRunner static constructor.
RoslynAnalysisRunner will not be running.
RoslynAnalysisRunner has terminated.
Mono: successfully reloaded assembly
- Completed reload, in  1.581 seconds
Platform modules already initialized, skipping
Switching build target platform(2) subTarget(0) extendedPlatform(0) -> platform(13) subTarget(589824) extendedPlatform(0)
Refreshing native plugins compatible for Editor in 0.11 ms, found 1 plugins.
Preloading 0 native plugins for Editor in 0.00 ms.
Unloading 1172 Unused Serialized files (Serialized files now loaded: 0)
System memory in use before: 117.8 MB.
System memory in use after: 117.9 MB.

Unloading 4 unused Assets to reduce memory usage. Loaded Objects now: 1627.
Total: 1.090375 ms (FindLiveObjects: 0.088542 ms CreateObjectMapping: 0.025417 ms MarkObjects: 0.965375 ms  DeleteObjects: 0.010208 ms)

AssetImportParameters requested are different than current active one (requested -> active):
  custom:graphics/normal-map-encoding: 01000000000000000000000000000000 -> 02000000000000000000000000000000
========================================================================
Received Prepare
Registering precompiled user dll's ...
Registered in 0.000548 seconds.
Begin MonoManager ReloadAssembly
Native extension for OSXStandalone target not found
Refreshing native plugins compatible for Editor in 0.20 ms, found 1 plugins.
Preloading 0 native plugins for Editor in 0.00 ms.
Invoked RoslynAnalysisRunner static constructor.
RoslynAnalysisRunner will not be running.
RoslynAnalysisRunner has terminated.
Mono: successfully reloaded assembly
- Completed reload, in  1.534 seconds
Platform modules already initialized, skipping
Switching build target platform(2) subTarget(0) extendedPlatform(0) -> platform(13) subTarget(589824) extendedPlatform(0)
Refreshing native plugins compatible for Editor in 0.11 ms, found 1 plugins.
Preloading 0 native plugins for Editor in 0.00 ms.
Unloading 1172 Unused Serialized files (Serialized files now loaded: 0)
System memory in use before: 117.9 MB.
System memory in use after: 118.0 MB.

Unloading 4 unused Assets to reduce memory usage. Loaded Objects now: 1630.
Total: 1.140667 ms (FindLiveObjects: 0.122167 ms CreateObjectMapping: 0.025375 ms MarkObjects: 0.982625 ms  DeleteObjects: 0.009583 ms)

AssetImportParameters requested are different than current active one (requested -> active):
  custom:graphics/normal-map-encoding: 01000000000000000000000000000000 -> 02000000000000000000000000000000
========================================================================
Received Import Request.
  Time since last request: 261.379348 seconds.
  path: Assets/_Completed-Assets/Scripts/Done_BGScroller.cs
  artifactKey: Guid(814f6a7e3ec8a40aaa3a2057e2695924) Importer(815301076,1909f56bfc062723c751e8b465ee728b)
Start importing Assets/_Completed-Assets/Scripts/Done_BGScroller.cs using Guid(814f6a7e3ec8a40aaa3a2057e2695924) Importer(815301076,1909f56bfc062723c751e8b465ee728b)  -> (artifact id: '2edf8e93e04a7bb97c8252b06e451c39') in 0.007077 seconds
  Import took 0.009384 seconds .

========================================================================
Received Import Request.
  Time since last request: 0.007899 seconds.
  path: Assets/_Completed-Assets/Scripts/Done_BGScroller.cs
  artifactKey: Guid(814f6a7e3ec8a40aaa3a2057e2695924) Importer(815301076,1909f56bfc062723c751e8b465ee728b)
Start importing Assets/_Completed-Assets/Scripts/Done_BGScroller.cs using Guid(814f6a7e3ec8a40aaa3a2057e2695924) Importer(815301076,1909f56bfc062723c751e8b465ee728b)  -> (artifact id: '2edf8e93e04a7bb97c8252b06e451c39') in 0.001805 seconds
  Import took 0.003227 seconds .

========================================================================
Received Import Request.
  Time since last request: 7.066836 seconds.
  path: Assets/_Completed-Assets/Scripts/Done_DestroyByBoundary.cs
  artifactKey: Guid(c3b21e3bfd0fc495183d37d340826489) Importer(815301076,1909f56bfc062723c751e8b465ee728b)
Start importing Assets/_Completed-Assets/Scripts/Done_DestroyByBoundary.cs using Guid(c3b21e3bfd0fc495183d37d340826489) Importer(815301076,1909f56bfc062723c751e8b465ee728b)  -> (artifact id: 'c8ab413dc9449fd31ac1b2870cfdabaf') in 0.002871 seconds
  Import took 0.004904 seconds .

========================================================================
Received Import Request.
  Time since last request: 1.470660 seconds.
  path: Assets/_Completed-Assets/Scripts/Done_DestroyByContact.cs
  artifactKey: Guid(8846417901f4942d2a5fa9e32ce69d45) Importer(815301076,1909f56bfc062723c751e8b465ee728b)
Start importing Assets/_Completed-Assets/Scripts/Done_DestroyByContact.cs using Guid(8846417901f4942d2a5fa9e32ce69d45) Importer(815301076,1909f56bfc062723c751e8b465ee728b)  -> (artifact id: 'bf624aee3fee8d49546ac838553ed4b6') in 0.002430 seconds
  Import took 0.004604 seconds .

========================================================================
Received Import Request.
  Time since last request: 0.004863 seconds.
  path: Assets/_Completed-Assets/Scripts/Done_DestroyByContact.cs
  artifactKey: Guid(8846417901f4942d2a5fa9e32ce69d45) Importer(815301076,1909f56bfc062723c751e8b465ee728b)
Start importing Assets/_Completed-Assets/Scripts/Done_DestroyByContact.cs using Guid(8846417901f4942d2a5fa9e32ce69d45) Importer(815301076,1909f56bfc062723c751e8b465ee728b)  -> (artifact id: 'bf624aee3fee8d49546ac838553ed4b6') in 0.002099 seconds
  Import took 0.003566 seconds .

========================================================================
Received Import Request.
  Time since last request: 1.022256 seconds.
  path: Assets/_Completed-Assets/Scripts/Done_DestroyByTime.cs
  artifactKey: Guid(3069907128af34efca9780c9aea75eb0) Importer(815301076,1909f56bfc062723c751e8b465ee728b)
Start importing Assets/_Completed-Assets/Scripts/Done_DestroyByTime.cs using Guid(3069907128af34efca9780c9aea75eb0) Importer(815301076,1909f56bfc062723c751e8b465ee728b)  -> (artifact id: 'bf13b4b6c6130d4f9c3f27810847b200') in 0.003825 seconds
  Import took 0.006288 seconds .

========================================================================
Received Import Request.
  Time since last request: 0.004115 seconds.
  path: Assets/_Completed-Assets/Scripts/Done_DestroyByTime.cs
  artifactKey: Guid(3069907128af34efca9780c9aea75eb0) Importer(815301076,1909f56bfc062723c751e8b465ee728b)
Start importing Assets/_Completed-Assets/Scripts/Done_DestroyByTime.cs using Guid(3069907128af34efca9780c9aea75eb0) Importer(815301076,1909f56bfc062723c751e8b465ee728b)  -> (artifact id: 'bf13b4b6c6130d4f9c3f27810847b200') in 0.002281 seconds
  Import took 0.004155 seconds .

========================================================================
Received Import Request.
  Time since last request: 13.056487 seconds.
  path: Assets/_Completed-Assets/Scripts/Done_Mover.cs
  artifactKey: Guid(7f7850f24249e4056b2189de03ae584c) Importer(815301076,1909f56bfc062723c751e8b465ee728b)
Start importing Assets/_Completed-Assets/Scripts/Done_Mover.cs using Guid(7f7850f24249e4056b2189de03ae584c) Importer(815301076,1909f56bfc062723c751e8b465ee728b)  -> (artifact id: 'bdfd30aa84df1e903ecb6bb08e21d380') in 0.003343 seconds
  Import took 0.005775 seconds .

========================================================================
Received Import Request.
  Time since last request: 0.002492 seconds.
  path: Assets/_Completed-Assets/Scripts/Done_Mover.cs
  artifactKey: Guid(7f7850f24249e4056b2189de03ae584c) Importer(815301076,1909f56bfc062723c751e8b465ee728b)
Start importing Assets/_Completed-Assets/Scripts/Done_Mover.cs using Guid(7f7850f24249e4056b2189de03ae584c) Importer(815301076,1909f56bfc062723c751e8b465ee728b)  -> (artifact id: 'bdfd30aa84df1e903ecb6bb08e21d380') in 0.002685 seconds
  Import took 0.004718 seconds .

========================================================================
Received Import Request.
  Time since last request: 1.156063 seconds.
  path: Assets/_Completed-Assets/Scripts/Done_PlayerController.cs
  artifactKey: Guid(054c19cd9824a4257a98a59874c988f3) Importer(815301076,1909f56bfc062723c751e8b465ee728b)
Start importing Assets/_Completed-Assets/Scripts/Done_PlayerController.cs using Guid(054c19cd9824a4257a98a59874c988f3) Importer(815301076,1909f56bfc062723c751e8b465ee728b)  -> (artifact id: 'edc6669c737fa5346b4da2849fed657c') in 0.002698 seconds
  Import took 0.005190 seconds .

========================================================================
Received Import Request.
  Time since last request: 0.002378 seconds.
  path: Assets/_Completed-Assets/Scripts/Done_PlayerController.cs
  artifactKey: Guid(054c19cd9824a4257a98a59874c988f3) Importer(815301076,1909f56bfc062723c751e8b465ee728b)
Start importing Assets/_Completed-Assets/Scripts/Done_PlayerController.cs using Guid(054c19cd9824a4257a98a59874c988f3) Importer(815301076,1909f56bfc062723c751e8b465ee728b)  -> (artifact id: 'edc6669c737fa5346b4da2849fed657c') in 0.002582 seconds
  Import took 0.004681 seconds .

========================================================================
Received Import Request.
  Time since last request: 4.884917 seconds.
  path: Assets/_NewScripts
  artifactKey: Guid(c4538bbcbded9ca4abfaaa05f9641731) Importer(815301076,1909f56bfc062723c751e8b465ee728b)
Start importing Assets/_NewScripts using Guid(c4538bbcbded9ca4abfaaa05f9641731) Importer(815301076,1909f56bfc062723c751e8b465ee728b)  -> (artifact id: 'dfb58debf990a4f5cf2c9e0de187244b') in 0.000997 seconds
  Import took 0.003368 seconds .

========================================================================
Received Import Request.
  Time since last request: 0.003006 seconds.
  path: Assets/_NewScripts
  artifactKey: Guid(c4538bbcbded9ca4abfaaa05f9641731) Importer(815301076,1909f56bfc062723c751e8b465ee728b)
Start importing Assets/_NewScripts using Guid(c4538bbcbded9ca4abfaaa05f9641731) Importer(815301076,1909f56bfc062723c751e8b465ee728b)  -> (artifact id: 'dfb58debf990a4f5cf2c9e0de187244b') in 0.000690 seconds
  Import took 0.002238 seconds .

========================================================================
Received Import Request.
  Time since last request: 2.018919 seconds.
  path: Assets/_Completed-Assets/Scripts/Done_WeaponController.cs
  artifactKey: Guid(365dd2da98dd9431b8c5d7406c200eeb) Importer(815301076,1909f56bfc062723c751e8b465ee728b)
Start importing Assets/_Completed-Assets/Scripts/Done_WeaponController.cs using Guid(365dd2da98dd9431b8c5d7406c200eeb) Importer(815301076,1909f56bfc062723c751e8b465ee728b)  -> (artifact id: 'a177f9fa2af67637e2c2690e820e9966') in 0.002493 seconds
  Import took 0.004646 seconds .

========================================================================
Received Import Request.
  Time since last request: 9.431536 seconds.
  path: Assets/_Completed-Assets/Scenes
  artifactKey: Guid(a5274ff9bc3a94561b34fcbd5e203d36) Importer(815301076,1909f56bfc062723c751e8b465ee728b)
Start importing Assets/_Completed-Assets/Scenes using Guid(a5274ff9bc3a94561b34fcbd5e203d36) Importer(815301076,1909f56bfc062723c751e8b465ee728b)  -> (artifact id: 'ac7ff8e3f5e3a965b467e335ed508110') in 0.001474 seconds
  Import took 0.003620 seconds .

========================================================================
Received Import Request.
  Time since last request: 2.302725 seconds.
  path: Assets/_Completed-Assets/Scenes/Done_Main.unity
  artifactKey: Guid(d6cf7ed2faf3b47eb8f72eaa9c1a495a) Importer(815301076,1909f56bfc062723c751e8b465ee728b)
Start importing Assets/_Completed-Assets/Scenes/Done_Main.unity using Guid(d6cf7ed2faf3b47eb8f72eaa9c1a495a) Importer(815301076,1909f56bfc062723c751e8b465ee728b)  -> (artifact id: 'f8e88830a7ade49358049d37b9d6624d') in 0.016754 seconds
  Import took 0.018891 seconds .

========================================================================
Received Import Request.
  Time since last request: 22.701178 seconds.
  path: Assets/Scripts/BGScroller.cs
  artifactKey: Guid(da683a7dc9a8f2c4da851cd94f8f5d89) Importer(815301076,1909f56bfc062723c751e8b465ee728b)
Start importing Assets/Scripts/BGScroller.cs using Guid(da683a7dc9a8f2c4da851cd94f8f5d89) Importer(815301076,1909f56bfc062723c751e8b465ee728b)  -> (artifact id: '8c5b48df04a7482c363ca5e25d08c397') in 0.003032 seconds
  Import took 0.005384 seconds .

========================================================================
Received Import Request.
  Time since last request: 10.329039 seconds.
  path: Assets/Standard Assets/Utility/SimpleActivatorMenu.cs
  artifactKey: Guid(69b69a5b0e0a85b4aa97a7edc40c37d1) Importer(815301076,1909f56bfc062723c751e8b465ee728b)
Start importing Assets/Standard Assets/Utility/SimpleActivatorMenu.cs using Guid(69b69a5b0e0a85b4aa97a7edc40c37d1) Importer(815301076,1909f56bfc062723c751e8b465ee728b)  -> (artifact id: '49e56d509aa4127cee64df584e7438f3') in 0.002880 seconds
  Import took 0.005263 seconds .

========================================================================
Received Import Request.
  Time since last request: 0.002050 seconds.
  path: Assets/Standard Assets/Utility/SimpleActivatorMenu.cs
  artifactKey: Guid(69b69a5b0e0a85b4aa97a7edc40c37d1) Importer(815301076,1909f56bfc062723c751e8b465ee728b)
Start importing Assets/Standard Assets/Utility/SimpleActivatorMenu.cs using Guid(69b69a5b0e0a85b4aa97a7edc40c37d1) Importer(815301076,1909f56bfc062723c751e8b465ee728b)  -> (artifact id: '49e56d509aa4127cee64df584e7438f3') in 0.002274 seconds
  Import took 0.003853 seconds .

